eeschema (2013-feb-26)-stable  >> Creation date: Пт 18 июл 2014 12:37:10
#Cmp ( order = Reference )
| C4         2200u, 40V  
| C5         10u         
| C6         100u        
| C7         100n        
| C8         100n        
| C9         100n        
| C10        27p         
| C11        27p         
| C12        100n        
| C13        10u         
| C14        100n        
| C15        100n        
| C16        100n        
| C17        100n        
| C18        100n        
| C1.1       68n         
| C1.2       68n         
| C1.3       68n         
| C1.4       68n         
| C1.5       68n         
| C2.1       1n          
| C2.2       1n          
| C2.3       1n          
| C2.4       1n          
| C2.5       1n          
| C3.1       1n          
| C3.2       1n          
| C3.3       1n          
| C3.4       1n          
| C3.5       1n          
| CON1       USB-MICRO-B 
| DA1        IPS5451     
| DA2        TLE5205     
| DA4        USBLC6-2    
| DA5        RO-1224     
| DA6        LM1117MPX-3.3
| DD1        ADM233L     
| DD3        STM32F103   
| DD2.1      L6208N      
| DD2.2      L6208N      
| DD2.3      L6208N      
| DD2.4      L6208N      
| DD2.5      L6208N      
| G1         8MHz        
| L1         BMB2A0300AN1
| R7         22k         
| R8         15k         
| R9         1.5k        
| R10        510         
| R11        4.7k        
| R12        1M          
| R13        10k         
| R14        10k         
| R15        10k         
| R16        10k         
| R17        10k         
| R18        100k        
| R19        4.7k        
| R20        15k         
| R21        15k         
| R22        10k         
| R23        10k         
| R24        10k         
| R25        300 (II)    
| R26        10k         
| R27        RT0805BRB071KL
| R28        RT0805BRB071KL
| R29        RT0805BRB071KL
| R30        RT0805BRB071KL
| R31        RT0805BRB071KL
| R32        RT0805BRB071KL
| R33        RT0805BRB071KL
| R34        RT0805BRB071KL
| R35        22          
| R36        22          
| R37        10k         
| R38        10k         
| R39        10k         
| R1.1       0.33        
| R1.2       0.33        
| R1.3       0.33        
| R1.4       0.33        
| R1.5       0.33        
| R2.1       0.33        
| R2.2       0.33        
| R2.3       0.33        
| R2.4       0.33        
| R2.5       0.33        
| R3.1       22k         
| R3.2       22k         
| R3.3       22k         
| R3.4       22k         
| R3.5       22k         
| R4.1       1.8k        
| R4.2       1.8k        
| R4.3       1.8k        
| R4.4       1.8k        
| R4.5       1.8k        
| R40.1      68          
| R40.2      68          
| R5.1       51k         
| R5.2       51k         
| R5.3       51k         
| R5.4       51k         
| R5.5       51k         
| R6.1       51k         
| R6.2       51k         
| R6.3       51k         
| R6.4       51k         
| R6.5       51k         
| SB1        RESET       
| SB2        BOOT        
| VD1        B120-E3     
| VD2        PWR         
| VD3        B120-E3     
| VT1        DTA114Y     
| VT2.1      NTE2984     
| VT2.2      NTE2984     
| XP1        GPRM1-61    
| XP2        TRD         
| XP3        CONN_7      
| XP4        CONN_4      
| XP5        CONN_7      
| XP6        DB9         
| XP7        Power       
| XS1        DB9         
#End Cmp

#Cmp ( order = Value )
| 27p          C10       
| 27p          C11       
| 1n           C2.1      
| 1n           C2.2      
| 1n           C2.3      
| 1n           C2.4      
| 1n           C2.5      
| 1n           C3.1      
| 1n           C3.2      
| 1n           C3.3      
| 1n           C3.4      
| 1n           C3.5      
| 68n          C1.1      
| 68n          C1.2      
| 68n          C1.3      
| 68n          C1.4      
| 68n          C1.5      
| 100n         C7        
| 100n         C8        
| 100n         C9        
| 100n         C12       
| 100n         C14       
| 100n         C15       
| 100n         C16       
| 100n         C17       
| 100n         C18       
| 10u          C5        
| 10u          C13       
| 100u         C6        
| 2200u, 40V   C4        
| USB-MICRO-B  CON1      
| RO-1224      DA5       
| LM1117MPX-3.3 DA6       
| USBLC6-2     DA4       
| IPS5451      DA1       
| TLE5205      DA2       
| ADM233L      DD1       
| L6208N       DD2.1     
| L6208N       DD2.2     
| L6208N       DD2.3     
| L6208N       DD2.4     
| L6208N       DD2.5     
| STM32F103    DD3       
| 8MHz         G1        
| BMB2A0300AN1 L1        
| 0.33         R1.1      
| 0.33         R1.2      
| 0.33         R1.3      
| 0.33         R1.4      
| 0.33         R1.5      
| 0.33         R2.1      
| 0.33         R2.2      
| 0.33         R2.3      
| 0.33         R2.4      
| 0.33         R2.5      
| 22           R35       
| 22           R36       
| 68           R40.1     
| 68           R40.2     
| 510          R10       
| 1.5k         R9        
| 1.8k         R4.1      
| 1.8k         R4.2      
| 1.8k         R4.3      
| 1.8k         R4.4      
| 1.8k         R4.5      
| 4.7k         R11       
| 4.7k         R19       
| 10k          R13       
| 10k          R14       
| 10k          R15       
| 10k          R16       
| 10k          R17       
| 10k          R22       
| 10k          R23       
| 10k          R24       
| 10k          R26       
| 10k          R37       
| 10k          R38       
| 10k          R39       
| 15k          R8        
| 15k          R20       
| 15k          R21       
| 22k          R3.1      
| 22k          R3.2      
| 22k          R3.3      
| 22k          R3.4      
| 22k          R3.5      
| 22k          R7        
| 51k          R5.1      
| 51k          R5.2      
| 51k          R5.3      
| 51k          R5.4      
| 51k          R5.5      
| 51k          R6.1      
| 51k          R6.2      
| 51k          R6.3      
| 51k          R6.4      
| 51k          R6.5      
| 100k         R18       
| 1M           R12       
| 300 (II)     R25       
| RT0805BRB071KL R27       
| RT0805BRB071KL R28       
| RT0805BRB071KL R29       
| RT0805BRB071KL R30       
| RT0805BRB071KL R31       
| RT0805BRB071KL R32       
| RT0805BRB071KL R33       
| RT0805BRB071KL R34       
| RESET        SB1       
| BOOT         SB2       
| B120-E3      VD1       
| B120-E3      VD3       
| PWR          VD2       
| DTA114Y      VT1       
| NTE2984      VT2.1     
| NTE2984      VT2.2     
| DB9          XP6       
| GPRM1-61     XP1       
| CONN_4       XP4       
| CONN_7       XP3       
| CONN_7       XP5       
| TRD          XP2       
| Power        XP7       
| DB9          XS1       
#End Cmp

#Global, Hierarchical Labels and PinSheets ( order = Alphab. ) count = 190

> +10V                         PinSheet Input   Loc /(X=12.700 ", Y=7.750 ")
> +10V                         PinSheet Input   Loc /(X=12.750 ", Y=4.250 ")
> +10V                         PinSheet Input   Loc /(X=12.750 ", Y=6.000 ")
> +10V                         PinSheet Input   Loc /(X=12.750 ", Y=2.550 ")
> +10V                         PinSheet Input   Loc /(X=12.700 ", Y=9.400 ")
> +10V                         Hierarchical        Loc /Filters slit #2/(X=2.700 ", Y=2.300 ")
> +10V                         Hierarchical        Loc /Filters slit #1/(X=2.700 ", Y=2.300 ")
> +10V                         Hierarchical        Loc /Turret slits/(X=2.700 ", Y=2.300 ")
> +10V                         Hierarchical        Loc /Short stage/(X=2.700 ", Y=2.300 ")
> +10V                         Hierarchical        Loc /Long stage/(X=2.700 ", Y=2.300 ")
> +24V                         PinSheet Input   Loc /(X=12.700 ", Y=7.600 ")
> +24V                         PinSheet Input   Loc /(X=12.750 ", Y=5.850 ")
> +24V                         PinSheet Input   Loc /(X=12.700 ", Y=9.250 ")
> +24V                         PinSheet Input   Loc /(X=12.750 ", Y=2.400 ")
> +24V                         PinSheet Input   Loc /(X=12.750 ", Y=4.100 ")
> +24V                         Hierarchical        Loc /Filters slit #2/(X=2.700 ", Y=2.500 ")
> +24V                         Hierarchical        Loc /Filters slit #1/(X=2.700 ", Y=2.500 ")
> +24V                         Hierarchical        Loc /Turret slits/(X=2.700 ", Y=2.500 ")
> +24V                         Hierarchical        Loc /Short stage/(X=2.700 ", Y=2.500 ")
> +24V                         Hierarchical        Loc /Long stage/(X=2.700 ", Y=2.500 ")
> +36V                         PinSheet Input   Loc /(X=3.650 ", Y=8.100 ")
> +36V                         Hierarchical        Loc /Shutter MOSFET/(X=2.350 ", Y=2.400 ")
> +5V                          PinSheet Input   Loc /(X=6.300 ", Y=2.800 ")
> +5V                          Hierarchical        Loc /STM32F103 module/(X=3.850 ", Y=0.900 ")
> +5V                          PinSheet Input   Loc /STM32F103 module/(X=3.250 ", Y=10.300 ")
> +5V                          Hierarchical        Loc /STM32F103 module/RS-232 level converter/(X=1.550 ", Y=1.900 ")
> 1-WIRE                       PinSheet BiDi    Loc /(X=6.300 ", Y=3.450 ")
> 1-WIRE                       Hierarchical        Loc /STM32F103 module/(X=1.600 ", Y=4.550 ")
> A                            PinSheet Output  Loc /(X=13.750 ", Y=5.250 ")
> A                            PinSheet Output  Loc /(X=13.700 ", Y=8.650 ")
> A                            PinSheet Output  Loc /(X=13.750 ", Y=3.500 ")
> A                            PinSheet Output  Loc /(X=13.750 ", Y=1.800 ")
> A                            PinSheet Output  Loc /(X=13.700 ", Y=7.000 ")
> A                            Hierarchical        Loc /Filters slit #2/(X=5.950 ", Y=3.550 ")
> A                            Hierarchical        Loc /Filters slit #1/(X=5.950 ", Y=3.550 ")
> A                            Hierarchical        Loc /Turret slits/(X=5.950 ", Y=3.550 ")
> A                            Hierarchical        Loc /Short stage/(X=5.950 ", Y=3.550 ")
> A                            Hierarchical        Loc /Long stage/(X=5.950 ", Y=3.550 ")
> A*                           PinSheet Output  Loc /(X=13.700 ", Y=8.800 ")
> A*                           PinSheet Output  Loc /(X=13.750 ", Y=3.650 ")
> A*                           PinSheet Output  Loc /(X=13.750 ", Y=5.400 ")
> A*                           PinSheet Output  Loc /(X=13.700 ", Y=7.150 ")
> A*                           PinSheet Output  Loc /(X=13.750 ", Y=1.950 ")
> A*                           Hierarchical        Loc /Filters slit #2/(X=5.950 ", Y=3.650 ")
> A*                           Hierarchical        Loc /Filters slit #1/(X=5.950 ", Y=3.650 ")
> A*                           Hierarchical        Loc /Turret slits/(X=5.950 ", Y=3.650 ")
> A*                           Hierarchical        Loc /Short stage/(X=5.950 ", Y=3.650 ")
> A*                           Hierarchical        Loc /Long stage/(X=5.950 ", Y=3.650 ")
> ADC[0..7]                    PinSheet Input   Loc /(X=8.100 ", Y=2.750 ")
> ADC[0..7]                    Hierarchical        Loc /STM32F103 module/(X=1.550 ", Y=4.200 ")
> AGND                         PinSheet Output  Loc /(X=8.100 ", Y=3.000 ")
> AGND                         Hierarchical        Loc /STM32F103 module/(X=1.550 ", Y=4.050 ")
> B                            PinSheet Output  Loc /(X=13.700 ", Y=9.150 ")
> B                            PinSheet Output  Loc /(X=13.700 ", Y=7.500 ")
> B                            PinSheet Output  Loc /(X=13.750 ", Y=5.750 ")
> B                            PinSheet Output  Loc /(X=13.750 ", Y=4.000 ")
> B                            PinSheet Output  Loc /(X=13.750 ", Y=2.300 ")
> B                            Hierarchical        Loc /Filters slit #2/(X=5.950 ", Y=3.750 ")
> B                            Hierarchical        Loc /Filters slit #1/(X=5.950 ", Y=3.750 ")
> B                            Hierarchical        Loc /Turret slits/(X=5.950 ", Y=3.750 ")
> B                            Hierarchical        Loc /Short stage/(X=5.950 ", Y=3.750 ")
> B                            Hierarchical        Loc /Long stage/(X=5.950 ", Y=3.750 ")
> B*                           PinSheet Output  Loc /(X=13.750 ", Y=5.600 ")
> B*                           PinSheet Output  Loc /(X=13.750 ", Y=3.850 ")
> B*                           PinSheet Output  Loc /(X=13.700 ", Y=9.000 ")
> B*                           PinSheet Output  Loc /(X=13.750 ", Y=2.150 ")
> B*                           PinSheet Output  Loc /(X=13.700 ", Y=7.350 ")
> B*                           Hierarchical        Loc /Filters slit #2/(X=5.950 ", Y=3.850 ")
> B*                           Hierarchical        Loc /Filters slit #1/(X=5.950 ", Y=3.850 ")
> B*                           Hierarchical        Loc /Turret slits/(X=5.950 ", Y=3.850 ")
> B*                           Hierarchical        Loc /Short stage/(X=5.950 ", Y=3.850 ")
> B*                           Hierarchical        Loc /Long stage/(X=5.950 ", Y=3.850 ")
> DIR[1..5]                    PinSheet Output  Loc /(X=8.100 ", Y=4.950 ")
> DIR[1..5]                    Hierarchical        Loc /STM32F103 module/(X=1.550 ", Y=5.350 ")
> EF                           PinSheet Output  Loc /(X=4.750 ", Y=8.100 ")
> EF                           Hierarchical        Loc /Shutter MOSFET/(X=2.350 ", Y=4.850 ")
> EN[1..5]                     PinSheet Output  Loc /(X=8.100 ", Y=4.400 ")
> EN[1..5]                     Hierarchical        Loc /STM32F103 module/(X=1.550 ", Y=6.200 ")
> EP[0..3]                     PinSheet Input   Loc /(X=6.300 ", Y=5.150 ")
> EP[0..3]                     Hierarchical        Loc /STM32F103 module/(X=1.550 ", Y=9.100 ")
> GND                          PinSheet Input   Loc /(X=4.750 ", Y=8.550 ")
> GND                          PinSheet Input   Loc /(X=4.750 ", Y=10.100 ")
> GND                          PinSheet Input   Loc /(X=4.750 ", Y=9.300 ")
> GND                          PinSheet Input   Loc /(X=6.300 ", Y=3.050 ")
> GND                          PinSheet Input   Loc /STM32F103 module/(X=0.950 ", Y=10.800 ")
> GND                          PinSheet Input   Loc /STM32F103 module/(X=3.250 ", Y=10.450 ")
> GND                          Hierarchical        Loc /STM32F103 module/(X=3.850 ", Y=1.200 ")
> GND                          Hierarchical        Loc /Power MOSFET module 1/(X=3.200 ", Y=2.800 ")
> GND                          Hierarchical        Loc /Power MOSFET module 2/(X=3.200 ", Y=2.800 ")
> GND                          Hierarchical        Loc /Shutter MOSFET/(X=2.350 ", Y=2.000 ")
> GND                          Hierarchical        Loc /STM32F103 module/RS-232 level converter/(X=1.550 ", Y=2.100 ")
> GND                          Hierarchical        Loc /STM32F103 module/USB input circuit/(X=1.250 ", Y=1.550 ")
> GND_OUT                      PinSheet Output  Loc /(X=3.650 ", Y=9.250 ")
> GND_OUT                      PinSheet Output  Loc /(X=3.650 ", Y=10.050 ")
> GND_OUT                      Hierarchical        Loc /Power MOSFET module 1/(X=3.150 ", Y=1.250 ")
> GND_OUT                      Hierarchical        Loc /Power MOSFET module 2/(X=3.150 ", Y=1.250 ")
> Hall[0..9]                   PinSheet Input   Loc /(X=6.300 ", Y=3.850 ")
> Hall[0..9]                   Hierarchical        Loc /STM32F103 module/(X=1.550 ", Y=7.200 ")
> IN1                          PinSheet Input   Loc /(X=4.750 ", Y=8.400 ")
> IN1                          Hierarchical        Loc /Shutter MOSFET/(X=2.350 ", Y=5.050 ")
> IN2                          PinSheet Input   Loc /(X=4.750 ", Y=8.250 ")
> IN2                          Hierarchical        Loc /Shutter MOSFET/(X=2.350 ", Y=5.200 ")
> ON                           PinSheet Input   Loc /(X=4.750 ", Y=10.000 ")
> ON                           PinSheet Input   Loc /(X=4.750 ", Y=9.200 ")
> ON                           Hierarchical        Loc /Power MOSFET module 1/(X=3.200 ", Y=2.550 ")
> ON                           Hierarchical        Loc /Power MOSFET module 2/(X=3.200 ", Y=2.550 ")
> OUT1                         PinSheet Output  Loc /(X=3.650 ", Y=8.250 ")
> OUT1                         Hierarchical        Loc /Shutter MOSFET/(X=2.350 ", Y=3.550 ")
> OUT2                         PinSheet Output  Loc /(X=3.650 ", Y=8.450 ")
> OUT2                         Hierarchical        Loc /Shutter MOSFET/(X=2.350 ", Y=3.750 ")
> POW3_FEEDBACK                PinSheet Input   Loc /(X=6.300 ", Y=6.600 ")
> POW3_FEEDBACK                Hierarchical        Loc /STM32F103 module/(X=1.600 ", Y=3.500 ")
> POW[0..3]                    PinSheet Output  Loc /(X=6.300 ", Y=6.050 ")
> POW[0..3]                    Hierarchical        Loc /STM32F103 module/(X=1.600 ", Y=3.300 ")
> PWR_GND                      PinSheet Input   Loc /(X=12.750 ", Y=2.700 ")
> PWR_GND                      PinSheet Input   Loc /(X=12.750 ", Y=6.150 ")
> PWR_GND                      PinSheet Input   Loc /(X=12.750 ", Y=4.400 ")
> PWR_GND                      PinSheet Input   Loc /(X=12.700 ", Y=9.550 ")
> PWR_GND                      PinSheet Input   Loc /(X=12.700 ", Y=7.900 ")
> PWR_GND                      Hierarchical        Loc /Filters slit #2/(X=2.700 ", Y=2.900 ")
> PWR_GND                      Hierarchical        Loc /Filters slit #1/(X=2.700 ", Y=2.900 ")
> PWR_GND                      Hierarchical        Loc /Turret slits/(X=2.700 ", Y=2.900 ")
> PWR_GND                      Hierarchical        Loc /Short stage/(X=2.700 ", Y=2.900 ")
> PWR_GND                      Hierarchical        Loc /Long stage/(X=2.700 ", Y=2.900 ")
> SHTR                         PinSheet Output  Loc /(X=6.300 ", Y=6.250 ")
> SHTR                         Hierarchical        Loc /STM32F103 module/(X=1.550 ", Y=2.750 ")
> SHTR_FB                      PinSheet Input   Loc /(X=6.300 ", Y=6.400 ")
> SHTR_FB                      Hierarchical        Loc /STM32F103 module/(X=1.550 ", Y=2.900 ")
> SM_5V                        PinSheet Input   Loc /(X=12.700 ", Y=6.900 ")
> SM_5V                        PinSheet Input   Loc /(X=12.750 ", Y=5.150 ")
> SM_5V                        PinSheet Input   Loc /(X=12.700 ", Y=8.550 ")
> SM_5V                        PinSheet Input   Loc /(X=12.750 ", Y=3.400 ")
> SM_5V                        PinSheet Input   Loc /(X=12.750 ", Y=1.700 ")
> SM_5V                        Hierarchical        Loc /Filters slit #2/(X=2.700 ", Y=2.750 ")
> SM_5V                        Hierarchical        Loc /Filters slit #1/(X=2.700 ", Y=2.750 ")
> SM_5V                        Hierarchical        Loc /Turret slits/(X=2.700 ", Y=2.750 ")
> SM_5V                        Hierarchical        Loc /Short stage/(X=2.700 ", Y=2.750 ")
> SM_5V                        Hierarchical        Loc /Long stage/(X=2.700 ", Y=2.750 ")
> SM_CLK                       PinSheet Input   Loc /(X=12.700 ", Y=7.050 ")
> SM_CLK                       PinSheet Input   Loc /(X=12.750 ", Y=1.850 ")
> SM_CLK                       PinSheet Input   Loc /(X=12.750 ", Y=5.300 ")
> SM_CLK                       PinSheet Input   Loc /(X=12.700 ", Y=8.700 ")
> SM_CLK                       PinSheet Input   Loc /(X=12.750 ", Y=3.550 ")
> SM_CLK                       Hierarchical        Loc /Filters slit #2/(X=2.700 ", Y=3.350 ")
> SM_CLK                       Hierarchical        Loc /Filters slit #1/(X=2.700 ", Y=3.350 ")
> SM_CLK                       Hierarchical        Loc /Turret slits/(X=2.700 ", Y=3.350 ")
> SM_CLK                       Hierarchical        Loc /Short stage/(X=2.700 ", Y=3.350 ")
> SM_CLK                       Hierarchical        Loc /Long stage/(X=2.700 ", Y=3.350 ")
> SM_DIR                       PinSheet Input   Loc /(X=12.750 ", Y=3.700 ")
> SM_DIR                       PinSheet Input   Loc /(X=12.700 ", Y=7.200 ")
> SM_DIR                       PinSheet Input   Loc /(X=12.700 ", Y=8.850 ")
> SM_DIR                       PinSheet Input   Loc /(X=12.750 ", Y=2.000 ")
> SM_DIR                       PinSheet Input   Loc /(X=12.750 ", Y=5.450 ")
> SM_DIR                       Hierarchical        Loc /Filters slit #2/(X=2.700 ", Y=3.450 ")
> SM_DIR                       Hierarchical        Loc /Filters slit #1/(X=2.700 ", Y=3.450 ")
> SM_DIR                       Hierarchical        Loc /Turret slits/(X=2.700 ", Y=3.450 ")
> SM_DIR                       Hierarchical        Loc /Short stage/(X=2.700 ", Y=3.450 ")
> SM_DIR                       Hierarchical        Loc /Long stage/(X=2.700 ", Y=3.450 ")
> SM_EN                        PinSheet Input   Loc /(X=12.700 ", Y=7.350 ")
> SM_EN                        PinSheet Input   Loc /(X=12.750 ", Y=3.850 ")
> SM_EN                        PinSheet Input   Loc /(X=12.750 ", Y=2.150 ")
> SM_EN                        PinSheet Input   Loc /(X=12.700 ", Y=9.000 ")
> SM_EN                        PinSheet Input   Loc /(X=12.750 ", Y=5.600 ")
> SM_EN                        Hierarchical        Loc /Filters slit #2/(X=2.750 ", Y=4.050 ")
> SM_EN                        Hierarchical        Loc /Filters slit #1/(X=2.750 ", Y=4.050 ")
> SM_EN                        Hierarchical        Loc /Turret slits/(X=2.750 ", Y=4.050 ")
> SM_EN                        Hierarchical        Loc /Short stage/(X=2.750 ", Y=4.050 ")
> SM_EN                        Hierarchical        Loc /Long stage/(X=2.750 ", Y=4.050 ")
> TIM1                         PinSheet Output  Loc /(X=8.100 ", Y=3.750 ")
> TIM1                         Hierarchical        Loc /STM32F103 module/(X=1.550 ", Y=5.050 ")
> TIM2                         PinSheet Output  Loc /(X=8.100 ", Y=4.150 ")
> TIM2                         Hierarchical        Loc /STM32F103 module/(X=1.550 ", Y=5.200 ")
> UART_RX                      PinSheet Input   Loc /STM32F103 module/(X=4.150 ", Y=10.300 ")
> UART_RX                      Hierarchical        Loc /STM32F103 module/RS-232 level converter/(X=1.600 ", Y=3.650 ")
> UART_RX1                     PinSheet Input   Loc /STM32F103 module/(X=4.150 ", Y=10.700 ")
> UART_RX1                     Hierarchical        Loc /STM32F103 module/RS-232 level converter/(X=1.600 ", Y=3.800 ")
> UART_TX                      PinSheet Input   Loc /STM32F103 module/(X=4.150 ", Y=10.500 ")
> UART_TX                      Hierarchical        Loc /STM32F103 module/RS-232 level converter/(X=1.600 ", Y=3.950 ")
> UART_TX1                     PinSheet Input   Loc /STM32F103 module/(X=4.150 ", Y=10.850 ")
> UART_TX1                     Hierarchical        Loc /STM32F103 module/RS-232 level converter/(X=1.600 ", Y=4.100 ")
> USB_+5V                      PinSheet Output  Loc /STM32F103 module/(X=0.950 ", Y=10.600 ")
> USB_+5V                      Hierarchical        Loc /STM32F103 module/USB input circuit/(X=5.850 ", Y=3.750 ")
> USB_DISC                     PinSheet Input   Loc /STM32F103 module/(X=1.950 ", Y=10.500 ")
> USB_DISC                     Hierarchical        Loc /STM32F103 module/USB input circuit/(X=5.850 ", Y=3.100 ")
> USB_DM                       PinSheet BiDi    Loc /STM32F103 module/(X=1.950 ", Y=10.800 ")
> USB_DM                       Hierarchical        Loc /STM32F103 module/USB input circuit/(X=5.850 ", Y=3.400 ")
> USB_DP                       PinSheet BiDi    Loc /STM32F103 module/(X=1.950 ", Y=10.650 ")
> USB_DP                       Hierarchical        Loc /STM32F103 module/USB input circuit/(X=5.850 ", Y=3.550 ")
> USB_POWER                    PinSheet Output  Loc /STM32F103 module/(X=1.950 ", Y=10.350 ")
> USB_POWER                    Hierarchical        Loc /STM32F103 module/USB input circuit/(X=5.850 ", Y=3.250 ")
#End labels

#End List
